<?xml version="1.0" encoding="UTF-8"?>
<!-- Generated by org.testng.reporters.JUnitXMLReporter -->
<testsuite ignored="0" hostname="LAPTOP-K8RE9END" failures="1" tests="5" name="Test" time="0.06" errors="0" timestamp="2025-01-13T22:12:03 IST">
  <testcase classname="retryMechanism.global.SampleTest" name="testMethod" time="0.008">
    <skipped/>
  </testcase> <!-- testMethod -->
  <testcase classname="retryMechanism.global.SampleTest" name="testMethod" time="0.002">
    <skipped/>
  </testcase> <!-- testMethod -->
  <testcase classname="retryMechanism.global.SampleTest" name="testMethod" time="0.002">
    <skipped/>
  </testcase> <!-- testMethod -->
  <testcase classname="retryMechanism.global.SampleTest" name="testMethod" time="0.001">
    <failure type="java.lang.AssertionError" message="Test failed intentionally!">
      <![CDATA[java.lang.AssertionError: Test failed intentionally!
at retryMechanism.global.SampleTest.testMethod(SampleTest.java:13)
at java.base/java.util.ArrayList.forEach(ArrayList.java:1511)
... Removed 27 stack frames]]>
    </failure>
  </testcase> <!-- testMethod -->
  <testcase classname="retryMechanism.global.SampleTest" name="testMethod2" time="0.003"/>
</testsuite> <!-- Test -->
