<?xml version="1.0" encoding="UTF-8"?>
<!-- Generated by org.testng.reporters.JUnitXMLReporter -->
<testsuite ignored="0" hostname="LAPTOP-K8RE9END" failures="0" tests="4" name="Test" time="0.044" errors="0" timestamp="2024-10-04T14:08:14 IST">
  <testcase classname="day43.TestNGAnnotationsDemo" name="search" time="0.004"/>
  <testcase classname="day43.TestNGAnnotationsDemo" name="advanceSearch" time="0.001"/>
  <testcase classname="day43.TestNGAnnotationsDemo2" name="search" time="0.0"/>
  <testcase classname="day43.TestNGAnnotationsDemo2" name="advanceSearch" time="0.001"/>
</testsuite> <!-- Test -->
