<?xml version="1.0" encoding="UTF-8"?>
<!-- Generated by org.testng.reporters.JUnitReportReporter -->
<testsuite hostname="LAPTOP-K8RE9END" failures="0" tests="3" name="parallel.ParallelTesting" time="24.721" errors="0" timestamp="2024-12-05T23:55:15 IST" skipped="0">
  <testcase classname="parallel.ParallelTesting" name="openChrome" time="5.130"/>
  <system-out/>
  <testcase classname="parallel.ParallelTesting" name="openFireFox" time="10.883"/>
  <system-out/>
  <testcase classname="parallel.ParallelTesting" name="openEdge" time="8.708"/>
  <system-out/>
</testsuite> <!-- parallel.ParallelTesting -->
