<?xml version="1.0" encoding="UTF-8"?>
<testng-results ignored="0" total="4" passed="4" failed="0" skipped="0">
  <reporter-output>
  </reporter-output>
  <suite started-at="2024-10-04T14:36:10 IST" name="Suite" finished-at="2024-10-04T14:36:10 IST" duration-ms="100">
    <groups>
    </groups>
    <test started-at="2024-10-04T14:36:10 IST" name="Test1" finished-at="2024-10-04T14:36:10 IST" duration-ms="45">
      <class name="day43.AllAnnotations">
        <test-method is-config="true" signature="bTest()[pri:0, instance:day43.AllAnnotations@17497425]" started-at="2024-10-04T14:36:10 IST" name="bTest" finished-at="2024-10-04T14:36:10 IST" duration-ms="1" status="PASS">
          <reporter-output>
          </reporter-output>
        </test-method> <!-- bTest -->
        <test-method is-config="true" signature="bClass()[pri:0, instance:day43.AllAnnotations@17497425]" started-at="2024-10-04T14:36:10 IST" name="bClass" finished-at="2024-10-04T14:36:10 IST" duration-ms="1" status="PASS">
          <reporter-output>
          </reporter-output>
        </test-method> <!-- bClass -->
        <test-method is-config="true" signature="bMethod()[pri:0, instance:day43.AllAnnotations@17497425]" started-at="2024-10-04T14:36:10 IST" name="bMethod" finished-at="2024-10-04T14:36:10 IST" duration-ms="0" status="PASS">
          <reporter-output>
          </reporter-output>
        </test-method> <!-- bMethod -->
        <test-method signature="t1()[pri:0, instance:day43.AllAnnotations@17497425]" started-at="2024-10-04T14:36:10 IST" name="t1" finished-at="2024-10-04T14:36:10 IST" duration-ms="4" status="PASS">
          <reporter-output>
          </reporter-output>
        </test-method> <!-- t1 -->
        <test-method is-config="true" signature="aMethod()[pri:0, instance:day43.AllAnnotations@17497425]" started-at="2024-10-04T14:36:10 IST" name="aMethod" finished-at="2024-10-04T14:36:10 IST" duration-ms="0" status="PASS">
          <reporter-output>
          </reporter-output>
        </test-method> <!-- aMethod -->
        <test-method is-config="true" signature="bMethod()[pri:0, instance:day43.AllAnnotations@17497425]" started-at="2024-10-04T14:36:10 IST" name="bMethod" finished-at="2024-10-04T14:36:10 IST" duration-ms="1" status="PASS">
          <reporter-output>
          </reporter-output>
        </test-method> <!-- bMethod -->
        <test-method signature="t2()[pri:0, instance:day43.AllAnnotations@17497425]" started-at="2024-10-04T14:36:10 IST" name="t2" finished-at="2024-10-04T14:36:10 IST" duration-ms="1" status="PASS">
          <reporter-output>
          </reporter-output>
        </test-method> <!-- t2 -->
        <test-method is-config="true" signature="aMethod()[pri:0, instance:day43.AllAnnotations@17497425]" started-at="2024-10-04T14:36:10 IST" name="aMethod" finished-at="2024-10-04T14:36:10 IST" duration-ms="0" status="PASS">
          <reporter-output>
          </reporter-output>
        </test-method> <!-- aMethod -->
        <test-method is-config="true" signature="aClass()[pri:0, instance:day43.AllAnnotations@17497425]" started-at="2024-10-04T14:36:10 IST" name="aClass" finished-at="2024-10-04T14:36:10 IST" duration-ms="0" status="PASS">
          <reporter-output>
          </reporter-output>
        </test-method> <!-- aClass -->
        <test-method is-config="true" signature="aTest()[pri:0, instance:day43.AllAnnotations@17497425]" started-at="2024-10-04T14:36:10 IST" name="aTest" finished-at="2024-10-04T14:36:10 IST" duration-ms="1" status="PASS">
          <reporter-output>
          </reporter-output>
        </test-method> <!-- aTest -->
      </class> <!-- day43.AllAnnotations -->
    </test> <!-- Test1 -->
    <test started-at="2024-10-04T14:36:10 IST" name="Test2" finished-at="2024-10-04T14:36:10 IST" duration-ms="6">
      <class name="day43.AllAnnotations">
        <test-method is-config="true" signature="bSuite()[pri:0, instance:day43.AllAnnotations@1ed6388a]" started-at="2024-10-04T14:36:10 IST" name="bSuite" finished-at="2024-10-04T14:36:10 IST" duration-ms="5" status="PASS">
          <reporter-output>
          </reporter-output>
        </test-method> <!-- bSuite -->
        <test-method is-config="true" signature="bTest()[pri:0, instance:day43.AllAnnotations@1ed6388a]" started-at="2024-10-04T14:36:10 IST" name="bTest" finished-at="2024-10-04T14:36:10 IST" duration-ms="0" status="PASS">
          <reporter-output>
          </reporter-output>
        </test-method> <!-- bTest -->
        <test-method is-config="true" signature="bClass()[pri:0, instance:day43.AllAnnotations@1ed6388a]" started-at="2024-10-04T14:36:10 IST" name="bClass" finished-at="2024-10-04T14:36:10 IST" duration-ms="0" status="PASS">
          <reporter-output>
          </reporter-output>
        </test-method> <!-- bClass -->
        <test-method signature="t1()[pri:0, instance:day43.AllAnnotations@1ed6388a]" started-at="2024-10-04T14:36:10 IST" name="t1" finished-at="2024-10-04T14:36:10 IST" duration-ms="1" status="PASS">
          <reporter-output>
          </reporter-output>
        </test-method> <!-- t1 -->
        <test-method is-config="true" signature="bMethod()[pri:0, instance:day43.AllAnnotations@1ed6388a]" started-at="2024-10-04T14:36:10 IST" name="bMethod" finished-at="2024-10-04T14:36:10 IST" duration-ms="0" status="PASS">
          <reporter-output>
          </reporter-output>
        </test-method> <!-- bMethod -->
        <test-method is-config="true" signature="aMethod()[pri:0, instance:day43.AllAnnotations@1ed6388a]" started-at="2024-10-04T14:36:10 IST" name="aMethod" finished-at="2024-10-04T14:36:10 IST" duration-ms="1" status="PASS">
          <reporter-output>
          </reporter-output>
        </test-method> <!-- aMethod -->
        <test-method is-config="true" signature="bMethod()[pri:0, instance:day43.AllAnnotations@1ed6388a]" started-at="2024-10-04T14:36:10 IST" name="bMethod" finished-at="2024-10-04T14:36:10 IST" duration-ms="0" status="PASS">
          <reporter-output>
          </reporter-output>
        </test-method> <!-- bMethod -->
        <test-method signature="t2()[pri:0, instance:day43.AllAnnotations@1ed6388a]" started-at="2024-10-04T14:36:10 IST" name="t2" finished-at="2024-10-04T14:36:10 IST" duration-ms="1" status="PASS">
          <reporter-output>
          </reporter-output>
        </test-method> <!-- t2 -->
        <test-method is-config="true" signature="aMethod()[pri:0, instance:day43.AllAnnotations@1ed6388a]" started-at="2024-10-04T14:36:10 IST" name="aMethod" finished-at="2024-10-04T14:36:10 IST" duration-ms="0" status="PASS">
          <reporter-output>
          </reporter-output>
        </test-method> <!-- aMethod -->
        <test-method is-config="true" signature="aClass()[pri:0, instance:day43.AllAnnotations@1ed6388a]" started-at="2024-10-04T14:36:10 IST" name="aClass" finished-at="2024-10-04T14:36:10 IST" duration-ms="1" status="PASS">
          <reporter-output>
          </reporter-output>
        </test-method> <!-- aClass -->
        <test-method is-config="true" signature="aTest()[pri:0, instance:day43.AllAnnotations@1ed6388a]" started-at="2024-10-04T14:36:10 IST" name="aTest" finished-at="2024-10-04T14:36:10 IST" duration-ms="0" status="PASS">
          <reporter-output>
          </reporter-output>
        </test-method> <!-- aTest -->
        <test-method is-config="true" signature="aSuite()[pri:0, instance:day43.AllAnnotations@1ed6388a]" started-at="2024-10-04T14:36:10 IST" name="aSuite" finished-at="2024-10-04T14:36:10 IST" duration-ms="0" status="PASS">
          <reporter-output>
          </reporter-output>
        </test-method> <!-- aSuite -->
      </class> <!-- day43.AllAnnotations -->
    </test> <!-- Test2 -->
  </suite> <!-- Suite -->
</testng-results>
